[Info  - 8:56:53 PM] Starting ltex-ls...
Sep 06, 2021 8:57:06 PM org.bsplines.ltexls.server.LtexLanguageServer initialize
INFO: ltex-ls 13.0.0 - initializing...
Sep 06, 2021 8:57:06 PM org.bsplines.ltexls.tools.I18n setLocale
INFO: Setting locale to 'en'
Sep 06, 2021 8:57:07 PM org.bsplines.ltexls.server.DocumentChecker logTextToBeChecked
FINE: Checking the following text in language 'en-US' via LanguageTool: "  Document</head><body></body></html>"
Sep 06, 2021 8:57:17 PM org.bsplines.ltexls.server.DocumentChecker checkAnnotatedTextFragment
FINE: Obtained 1 rule match
Sep 06, 2021 8:57:23 PM org.bsplines.ltexls.server.DocumentChecker logTextToBeChecked
FINE: Checking the following text in language 'en-US' via LanguageTool: "  Document</title></head><body></body></html>"
Sep 06, 2021 8:57:23 PM org.bsplines.ltexls.server.DocumentChecker checkAnnotatedTextFragment
FINE: Obtained 1 rule match
Sep 06, 2021 8:57:25 PM org.bsplines.ltexls.server.DocumentChecker logTextToBeChecked
FINE: Checking the following text in language 'en-US' via LanguageTool: "  Document</head><body></body></html>"
Sep 06, 2021 8:57:25 PM org.bsplines.ltexls.server.DocumentChecker checkAnnotatedTextFragment
FINE: Obtained 1 rule match
Sep 06, 2021 8:57:37 PM org.bsplines.ltexls.server.DocumentChecker logTextToBeChecked
FINE: Checking the following text in language 'en-US' via LanguageTool: " u Document</head><body></body></html>"
Sep 06, 2021 8:57:37 PM org.bsplines.ltexls.server.DocumentChecker checkAnnotatedTextFragment
FINE: Obtained 1 rule match
Sep 06, 2021 8:57:38 PM org.bsplines.ltexls.server.DocumentChecker logTextToBeChecked
FINE: Checking the following text in language 'en-US' via LanguageTool: "  Document</head><body></body></html>"
Sep 06, 2021 8:57:38 PM org.bsplines.ltexls.server.DocumentChecker checkAnnotatedTextFragment
FINE: Obtained 1 rule match
Sep 06, 2021 8:57:50 PM org.bsplines.ltexls.server.DocumentChecker logTextToBeChecked
FINE: Checking the following text in language 'en-US' via LanguageTool: "Document</head><body></body></html>"
Sep 06, 2021 8:57:50 PM org.bsplines.ltexls.server.DocumentChecker checkAnnotatedTextFragment
FINE: Obtained 0 rule matches
Sep 06, 2021 8:57:52 PM org.bsplines.ltexls.server.DocumentChecker logTextToBeChecked
FINE: Checking the following text in language 'en-US' via LanguageTool: "  Document</head><body></body></html>"
Sep 06, 2021 8:57:52 PM org.bsplines.ltexls.server.DocumentChecker checkAnnotatedTextFragment
FINE: Obtained 1 rule match
Sep 06, 2021 8:58:21 PM org.bsplines.ltexls.server.DocumentChecker logTextToBeChecked
FINE: Checking the following text in language 'en-US' via LanguageTool: "  Document</head><body></body></html>"
Sep 06, 2021 8:58:21 PM org.bsplines.ltexls.server.DocumentChecker checkAnnotatedTextFragment
FINE: Obtained 1 rule match
Sep 06, 2021 8:58:21 PM org.bsplines.ltexls.server.DocumentChecker removeIgnoredMatches
FINE: Hiding false positive with rule 'WHITESPACE_RULE' and sentence 'Document</head><body></body></html>'
Sep 06, 2021 8:58:21 PM org.bsplines.ltexls.server.DocumentChecker removeIgnoredMatches
FINE: Hid 1 false positive
Sep 06, 2021 8:58:39 PM org.bsplines.ltexls.server.DocumentChecker logTextToBeChecked
FINE: Checking the following text in language 'en-US' via LanguageTool: "  Document</head><body>d</body></html>"
Sep 06, 2021 8:58:39 PM org.eclipse.lsp4j.jsonrpc.RemoteEndpoint handleCancellation
WARNING: Unmatched cancel notification for request id 33
Sep 06, 2021 8:58:39 PM org.bsplines.ltexls.server.DocumentChecker checkAnnotatedTextFragment
FINE: Obtained 2 rule matches
Sep 06, 2021 8:58:39 PM org.bsplines.ltexls.server.DocumentChecker logTextToBeChecked
FINE: Checking the following text in language 'en-US' via LanguageTool: "  Document</head><body>di</body></html>"
Sep 06, 2021 8:58:39 PM org.bsplines.ltexls.server.DocumentChecker checkAnnotatedTextFragment
FINE: Obtained 2 rule matches
Sep 06, 2021 8:58:39 PM org.bsplines.ltexls.server.DocumentChecker logTextToBeChecked
FINE: Checking the following text in language 'en-US' via LanguageTool: "  Document</head><body>div</body></html>"
Sep 06, 2021 8:58:39 PM org.bsplines.ltexls.server.DocumentChecker checkAnnotatedTextFragment
FINE: Obtained 1 rule match
Sep 06, 2021 8:58:41 PM org.bsplines.ltexls.server.DocumentChecker logTextToBeChecked
FINE: Checking the following text in language 'en-US' via LanguageTool: "  Document</head><body>div.</body></html>"
Sep 06, 2021 8:58:41 PM org.bsplines.ltexls.server.DocumentChecker checkAnnotatedTextFragment
FINE: Obtained 1 rule match
Sep 06, 2021 8:58:42 PM org.bsplines.ltexls.server.DocumentChecker logTextToBeChecked
FINE: Checking the following text in language 'en-US' via LanguageTool: "  Document</head><body>div</body></html>"
Sep 06, 2021 8:58:42 PM org.bsplines.ltexls.server.DocumentChecker checkAnnotatedTextFragment
FINE: Obtained 1 rule match
Sep 06, 2021 8:58:44 PM org.bsplines.ltexls.server.DocumentChecker logTextToBeChecked
FINE: Checking the following text in language 'en-US' via LanguageTool: "  Document</head><body><div></div></body></html>"
Sep 06, 2021 8:58:44 PM org.bsplines.ltexls.server.DocumentChecker checkAnnotatedTextFragment
FINE: Obtained 1 rule match
Sep 06, 2021 8:58:46 PM org.bsplines.ltexls.server.DocumentChecker logTextToBeChecked
FINE: Checking the following text in language 'en-US' via LanguageTool: "  Document</head><body><div ></div></body></html>"
Sep 06, 2021 8:58:46 PM org.bsplines.ltexls.server.DocumentChecker checkAnnotatedTextFragment
FINE: Obtained 1 rule match
Sep 06, 2021 8:58:47 PM org.bsplines.ltexls.server.DocumentChecker logTextToBeChecked
FINE: Checking the following text in language 'en-US' via LanguageTool: "  Document</head><body><div i></div></body></html>"
Sep 06, 2021 8:58:47 PM org.bsplines.ltexls.server.DocumentChecker checkAnnotatedTextFragment
FINE: Obtained 1 rule match
Sep 06, 2021 8:58:48 PM org.bsplines.ltexls.server.DocumentChecker logTextToBeChecked
FINE: Checking the following text in language 'en-US' via LanguageTool: "  Document</head><body><div id></div></body></html>"
Sep 06, 2021 8:58:48 PM org.bsplines.ltexls.server.DocumentChecker checkAnnotatedTextFragment
FINE: Obtained 2 rule matches
Sep 06, 2021 8:58:48 PM org.bsplines.ltexls.server.DocumentChecker logTextToBeChecked
FINE: Checking the following text in language 'en-US' via LanguageTool: "  Document</head><body><div id=\"\"></div></body></html>"
Sep 06, 2021 8:58:48 PM org.bsplines.ltexls.server.DocumentChecker checkAnnotatedTextFragment
FINE: Obtained 1 rule match
Sep 06, 2021 8:58:50 PM org.eclipse.lsp4j.jsonrpc.RemoteEndpoint handleCancellation
WARNING: Unmatched cancel notification for request id 50
Sep 06, 2021 8:58:50 PM org.bsplines.ltexls.server.DocumentChecker logTextToBeChecked
FINE: Checking the following text in language 'en-US' via LanguageTool: "  Document</head><body><div id=\"a\"></div></body></html>"
Sep 06, 2021 8:58:50 PM org.bsplines.ltexls.server.DocumentChecker checkAnnotatedTextFragment
FINE: Obtained 1 rule match
Sep 06, 2021 8:58:50 PM org.bsplines.ltexls.server.DocumentChecker logTextToBeChecked
FINE: Checking the following text in language 'en-US' via LanguageTool: "  Document</head><body><div id=\"app\"></div></body></html>"
Sep 06, 2021 8:58:50 PM org.bsplines.ltexls.server.DocumentChecker checkAnnotatedTextFragment
FINE: Obtained 1 rule match
Sep 06, 2021 8:59:02 PM org.bsplines.ltexls.settings.SettingsManager$Companion logDifferentSettings
FINE: Reinitializing LanguageTool due to different settings for language 'en-US': setting 'disabledRules', old '[]', new '[WHITESPACE_RULE]'
Sep 06, 2021 8:59:02 PM org.bsplines.ltexls.server.DocumentChecker logTextToBeChecked
FINE: Checking the following text in language 'en-US' via LanguageTool: "  Document</head><body><div id=\"app\"></div></body></html>"
Sep 06, 2021 8:59:02 PM org.bsplines.ltexls.server.DocumentChecker checkAnnotatedTextFragment
FINE: Obtained 0 rule matches
Sep 06, 2021 9:11:34 PM org.bsplines.ltexls.server.DocumentChecker logTextToBeChecked
FINE: Checking the following text in language 'en-US' via LanguageTool: "Document</head><body><h1>Hello and welcome</h1><p>Lorem ipsum dolor sit amet consectetur adipisicing"... (truncated to 100 characters)
Sep 06, 2021 9:11:39 PM org.bsplines.ltexls.server.DocumentChecker checkAnnotatedTextFragment
FINE: Obtained 23 rule matches
Sep 06, 2021 9:11:39 PM org.bsplines.ltexls.server.DocumentChecker logTextToBeChecked
FINE: Checking the following text in language 'en-US' via LanguageTool: "Document</head><body><h1>Hello and welcome</h1><p>Lorem ipsum dolor sit amet consectetur adipisicing"... (truncated to 100 characters)
Sep 06, 2021 9:11:39 PM org.bsplines.ltexls.server.DocumentChecker checkAnnotatedTextFragment
FINE: Obtained 23 rule matches
Sep 06, 2021 9:35:46 PM org.bsplines.ltexls.server.LtexLanguageServer shutdown
INFO: Shutting down ltex-ls...
