2021-09-06T12:14:23.984Z Info: Setting LTeX UI language to 'en-us'.
2021-09-06T12:14:23.984Z Info: Loading i18n messages...
2021-09-06T12:14:23.986Z Info: Loading default i18n messages...
2021-09-06T12:14:24.000Z Info: 
2021-09-06T12:14:24.000Z Info: ltex.ltex-ls.path not set.
2021-09-06T12:14:24.000Z Info: Searching for ltex-ls in '/home/junko/.vscode/extensions/valentjn.vscode-ltex-11.0.0/lib'...
2021-09-06T12:14:24.001Z Info: Could not find a version of ltex-ls in '/home/junko/.vscode/extensions/valentjn.vscode-ltex-11.0.0/lib'.
2021-09-06T12:14:24.001Z Info: Initiating download of ltex-ls...
2021-09-06T12:14:24.007Z Info: Downloading ltex-ls 13.0.0 from 'https://github.com/valentjn/ltex-ls/releases/download/13.0.0/ltex-ls-13.0.0.tar.gz' to '/home/junko/.vscode/extensions/valentjn.vscode-ltex-11.0.0/tmp-N8aMJT/ltex-ls-13.0.0.tar.gz'...
2021-09-06T12:14:24.678Z Info: Redirected to 'https://github-releases.githubusercontent.com/205729403/3173795d-ab9d-43a3-a329-386d357dc0e2?X-Amz-Algorithm=AWS4-HMAC-SHA256&X-Amz-Credential=AKIAIWNJYAX4CSVEH53A%2F20210906%2Fus-east-1%2Fs3%2Faws4_request&X-Amz-Date=20210906T121430Z&X-Amz-Expires=300&X-Amz-Signature=5cd5a9a24e9017748b0955769d669dac22fd83c72e71bbd847ef3209c8fe737d&X-Amz-SignedHeaders=host&actor_id=0&key_id=0&repo_id=205729403&response-content-disposition=attachment%3B%20filename%3Dltex-ls-13.0.0.tar.gz&response-content-type=application%2Foctet-stream'...
2021-09-06T12:15:59.620Z Info: Extracting '/home/junko/.vscode/extensions/valentjn.vscode-ltex-11.0.0/tmp-N8aMJT/ltex-ls-13.0.0.tar.gz' to '/home/junko/.vscode/extensions/valentjn.vscode-ltex-11.0.0/tmp-N8aMJT'...
2021-09-06T12:16:02.670Z Info: Searching for a directory in '/home/junko/.vscode/extensions/valentjn.vscode-ltex-11.0.0/tmp-N8aMJT'...
2021-09-06T12:16:02.671Z Info: Deleting '/home/junko/.vscode/extensions/valentjn.vscode-ltex-11.0.0/tmp-N8aMJT/ltex-ls-13.0.0.tar.gz'...
2021-09-06T12:16:02.671Z Info: Found extracted directory '/home/junko/.vscode/extensions/valentjn.vscode-ltex-11.0.0/tmp-N8aMJT/ltex-ls-13.0.0'.
2021-09-06T12:16:02.672Z Info: Moving '/home/junko/.vscode/extensions/valentjn.vscode-ltex-11.0.0/tmp-N8aMJT/ltex-ls-13.0.0' to '/home/junko/.vscode/extensions/valentjn.vscode-ltex-11.0.0/lib/ltex-ls-13.0.0'...
2021-09-06T12:16:02.672Z Info: Deleting '/home/junko/.vscode/extensions/valentjn.vscode-ltex-11.0.0/tmp-N8aMJT'...
2021-09-06T12:16:02.674Z Info: ltex-ls found in '/home/junko/.vscode/extensions/valentjn.vscode-ltex-11.0.0/lib/ltex-ls-13.0.0'.
2021-09-06T12:16:02.675Z Info: 
2021-09-06T12:16:02.675Z Info: ltex.java.path not set.
2021-09-06T12:16:02.675Z Info: Using ltex-ls from '/home/junko/.vscode/extensions/valentjn.vscode-ltex-11.0.0/lib/ltex-ls-13.0.0'.
2021-09-06T12:16:02.675Z Info: Using Java from PATH or JAVA_HOME (may fail if not installed).
2021-09-06T12:16:02.678Z Info: Testing ltex-ls...
2021-09-06T12:16:02.678Z Info:   Command: "/home/junko/.vscode/extensions/valentjn.vscode-ltex-11.0.0/lib/ltex-ls-13.0.0/bin/ltex-ls"
2021-09-06T12:16:02.678Z Info:   Arguments: ["--version"]
2021-09-06T12:16:02.678Z Info:   env['JAVA_HOME']: undefined
2021-09-06T12:16:02.678Z Info:   env['JAVA_OPTS']: "-Xms64m -Xmx512m"
2021-09-06T12:16:02.702Z Error: Test failed.
2021-09-06T12:16:02.702Z Info: ltex-ls terminated with non-zero exit code 1.
2021-09-06T12:16:02.702Z Info: stdout of ltex-ls:
2021-09-06T12:16:02.702Z Info: 
2021-09-06T12:16:02.702Z Info: stderr of ltex-ls:
2021-09-06T12:16:02.702Z Info: which: no java in (/usr/local/bin:/usr/bin:/bin:/usr/local/sbin:/usr/bin/site_perl:/usr/bin/vendor_perl:/usr/bin/core_perl)
2021-09-06T12:16:02.702Z Info: Error: JAVA_HOME is not defined correctly.
2021-09-06T12:16:02.702Z Info:   We cannot execute 
2021-09-06T12:16:02.702Z Info: 
2021-09-06T12:16:02.703Z Info: 
2021-09-06T12:16:02.703Z Info: Searching for Java in '/home/junko/.vscode/extensions/valentjn.vscode-ltex-11.0.0/lib'...
2021-09-06T12:16:02.703Z Info: Could not find bundled Java in '/home/junko/.vscode/extensions/valentjn.vscode-ltex-11.0.0/lib'.
2021-09-06T12:16:02.703Z Info: 
2021-09-06T12:16:02.703Z Info: Searching for Java in '/home/junko/.vscode/extensions/valentjn.vscode-ltex-11.0.0/lib'...
2021-09-06T12:16:02.703Z Info: Could not find bundled Java in '/home/junko/.vscode/extensions/valentjn.vscode-ltex-11.0.0/lib'.
2021-09-06T12:16:02.706Z Info: Guessed AdoptOpenJDK archive name 'OpenJDK11U-jre_x64_linux_hotspot_11.0.11_9.tar.gz' from your platform and architecture (may not exist).
2021-09-06T12:16:02.709Z Info: Downloading Java 11.0.11+9 from 'https://github.com/AdoptOpenJDK/openjdk11-binaries/releases/download/jdk-11.0.11%2B9/OpenJDK11U-jre_x64_linux_hotspot_11.0.11_9.tar.gz' to '/home/junko/.vscode/extensions/valentjn.vscode-ltex-11.0.0/tmp-IBnd02/OpenJDK11U-jre_x64_linux_hotspot_11.0.11_9.tar.gz'...
2021-09-06T12:16:03.260Z Info: Redirected to 'https://github-releases.githubusercontent.com/140419044/4a6e8e00-a2e2-11eb-85b6-3f86e894164f?X-Amz-Algorithm=AWS4-HMAC-SHA256&X-Amz-Credential=AKIAIWNJYAX4CSVEH53A%2F20210906%2Fus-east-1%2Fs3%2Faws4_request&X-Amz-Date=20210906T121608Z&X-Amz-Expires=300&X-Amz-Signature=b436dd0a81d7a7565b22ddca6dcdab1b370d60104945a8b2a07c4f4dfba4f268&X-Amz-SignedHeaders=host&actor_id=0&key_id=0&repo_id=140419044&response-content-disposition=attachment%3B%20filename%3DOpenJDK11U-jre_x64_linux_hotspot_11.0.11_9.tar.gz&response-content-type=application%2Foctet-stream'...
2021-09-06T12:16:18.710Z Info: Extracting '/home/junko/.vscode/extensions/valentjn.vscode-ltex-11.0.0/tmp-IBnd02/OpenJDK11U-jre_x64_linux_hotspot_11.0.11_9.tar.gz' to '/home/junko/.vscode/extensions/valentjn.vscode-ltex-11.0.0/tmp-IBnd02'...
2021-09-06T12:16:21.008Z Info: Searching for a directory in '/home/junko/.vscode/extensions/valentjn.vscode-ltex-11.0.0/tmp-IBnd02'...
2021-09-06T12:16:21.009Z Info: Deleting '/home/junko/.vscode/extensions/valentjn.vscode-ltex-11.0.0/tmp-IBnd02/OpenJDK11U-jre_x64_linux_hotspot_11.0.11_9.tar.gz'...
2021-09-06T12:16:21.009Z Info: Found extracted directory '/home/junko/.vscode/extensions/valentjn.vscode-ltex-11.0.0/tmp-IBnd02/jdk-11.0.11+9-jre'.
2021-09-06T12:16:21.010Z Info: Moving '/home/junko/.vscode/extensions/valentjn.vscode-ltex-11.0.0/tmp-IBnd02/jdk-11.0.11+9-jre' to '/home/junko/.vscode/extensions/valentjn.vscode-ltex-11.0.0/lib/jdk-11.0.11+9-jre'...
2021-09-06T12:16:21.010Z Info: Deleting '/home/junko/.vscode/extensions/valentjn.vscode-ltex-11.0.0/tmp-IBnd02'...
2021-09-06T12:16:21.011Z Info: Java found in '/home/junko/.vscode/extensions/valentjn.vscode-ltex-11.0.0/lib/jdk-11.0.11+9-jre'.
2021-09-06T12:16:21.011Z Info: Using ltex-ls from '/home/junko/.vscode/extensions/valentjn.vscode-ltex-11.0.0/lib/ltex-ls-13.0.0'.
2021-09-06T12:16:21.011Z Info: Using Java from '/home/junko/.vscode/extensions/valentjn.vscode-ltex-11.0.0/lib/jdk-11.0.11+9-jre'.
2021-09-06T12:16:21.014Z Info: Testing ltex-ls...
2021-09-06T12:16:21.014Z Info:   Command: "/home/junko/.vscode/extensions/valentjn.vscode-ltex-11.0.0/lib/ltex-ls-13.0.0/bin/ltex-ls"
2021-09-06T12:16:21.014Z Info:   Arguments: ["--version"]
2021-09-06T12:16:21.014Z Info:   env['JAVA_HOME']: "/home/junko/.vscode/extensions/valentjn.vscode-ltex-11.0.0/lib/jdk-11.0.11+9-jre"
2021-09-06T12:16:21.014Z Info:   env['JAVA_OPTS']: "-Xms64m -Xmx512m"
2021-09-06T12:16:22.284Z Info: Test successful!
2021-09-06T12:16:22.284Z Info: 
2021-09-06T12:16:22.301Z Info: Starting ltex-ls...
2021-09-06T12:16:22.301Z Info:   Command: "/home/junko/.vscode/extensions/valentjn.vscode-ltex-11.0.0/lib/ltex-ls-13.0.0/bin/ltex-ls"
2021-09-06T12:16:22.301Z Info:   Arguments: []
2021-09-06T12:16:22.301Z Info:   env['JAVA_HOME']: "/home/junko/.vscode/extensions/valentjn.vscode-ltex-11.0.0/lib/jdk-11.0.11+9-jre"
2021-09-06T12:16:22.301Z Info:   env['JAVA_OPTS']: "-Xms64m -Xmx512m"
2021-09-06T12:16:22.301Z Info: 
