[2021-09-05 20:55:13.378] [renderer1] [error] Error: Unable to read file '/home/junko/Documents/react-game' (Error: Unable to resolve non-existing file '/home/junko/Documents/react-game')
    at i.handleSetInputError (vscode-file://vscode-app/usr/share/code/resources/app/out/vs/workbench/workbench.desktop.main.js:2385:172185)
    at i.handleSetInputError (vscode-file://vscode-app/usr/share/code/resources/app/out/vs/workbench/workbench.desktop.main.js:2385:176202)
    at i.setInput (vscode-file://vscode-app/usr/share/code/resources/app/out/vs/workbench/workbench.desktop.main.js:2385:171879)
    at async h.doSetInput (vscode-file://vscode-app/usr/share/code/resources/app/out/vs/workbench/workbench.desktop.main.js:2385:33390)
    at async h.doOpenEditor (vscode-file://vscode-app/usr/share/code/resources/app/out/vs/workbench/workbench.desktop.main.js:2385:31790)
    at async h.openEditor (vscode-file://vscode-app/usr/share/code/resources/app/out/vs/workbench/workbench.desktop.main.js:2385:31438)
    at async vscode-file://vscode-app/usr/share/code/resources/app/out/vs/workbench/workbench.desktop.main.js:2584:16931
    at async vscode-file://vscode-app/usr/share/code/resources/app/out/vs/workbench/workbench.desktop.main.js:2666:63995
[2021-09-06 17:14:21.909] [renderer1] [error] Could not find category with ID: valentjn.vscode-ltex#ltex.walkthrough: Error: Could not find category with ID: valentjn.vscode-ltex#ltex.walkthrough
    at vscode-file://vscode-app/usr/share/code/resources/app/out/vs/workbench/workbench.desktop.main.js:1818:47286
    at l.fire (vscode-file://vscode-app/usr/share/code/resources/app/out/vs/workbench/workbench.desktop.main.js:69:1712)
    at T.progressStep (vscode-file://vscode-app/usr/share/code/resources/app/out/vs/workbench/workbench.desktop.main.js:1675:19150)
    at T.registerDoneListeners (vscode-file://vscode-app/usr/share/code/resources/app/out/vs/workbench/workbench.desktop.main.js:1675:21690)
    at vscode-file://vscode-app/usr/share/code/resources/app/out/vs/workbench/workbench.desktop.main.js:1675:20008
    at Array.forEach (<anonymous>)
    at T._registerWalkthrough (vscode-file://vscode-app/usr/share/code/resources/app/out/vs/workbench/workbench.desktop.main.js:1675:19790)
    at vscode-file://vscode-app/usr/share/code/resources/app/out/vs/workbench/workbench.desktop.main.js:1675:17175
    at async Promise.all (index 0)
    at async T.registerExtensionWalkthroughContributions (vscode-file://vscode-app/usr/share/code/resources/app/out/vs/workbench/workbench.desktop.main.js:1675:14722)
    at async Promise.all (index 0)
    at async l._handler (vscode-file://vscode-app/usr/share/code/resources/app/out/vs/workbench/workbench.desktop.main.js:1675:11082)
[2021-09-06 20:56:37.559] [renderer1] [warning] UNRESPONSIVE extension host, 'vscode.microsoft-authentication' took 97% of 3331.847ms, saved PROFILE here: 'file:///tmp/exthost-07631c.cpuprofile' [{"id":"gc","total":6391,"percentage":0},{"id":"program","total":162,"percentage":0},{"id":"ritwickdey.LiveServer","total":6352,"percentage":0},{"id":"self","total":45776,"percentage":1},{"id":"vscode.debug-auto-launch","total":1376,"percentage":0},{"id":"vscode.git","total":27542,"percentage":1},{"id":"vscode.microsoft-authentication","total":3243810,"percentage":97}]
