[2021-08-28 19:46:48.974] [sharedprocess] [info] [logs cleanup]: Starting to clean up old logs.
[2021-08-28 19:47:08.968] [sharedprocess] [info] [code cache cleanup]: Starting to clean up old code cache folders.
[2021-08-28 19:47:08.969] [sharedprocess] [info] [storage cleanup]: Starting to clean up storage folders.
[2021-08-28 19:47:18.970] [sharedprocess] [info] [language pack cache cleanup]: Starting to clean up unused language packs.
[2021-08-28 19:48:05.411] [sharedprocess] [info] Installing extension: robbowen.synthwave-vscode
[2021-08-28 19:48:07.796] [sharedprocess] [info] Installing extension: shubham-saudolla.lilac
[2021-08-28 19:48:09.609] [sharedprocess] [info] Downloaded extension: shubham-saudolla.lilac /home/junko/.config/Code - OSS/CachedExtensionVSIXs/shubham-saudolla.lilac-1.2.7
[2021-08-28 19:48:09.964] [sharedprocess] [info] Extracted extension to /home/junko/.vscode-oss/extensions/.6b4247ba-26c4-4832-af48-cd93be90703c: shubham-saudolla.lilac
[2021-08-28 19:48:10.116] [sharedprocess] [info] Renamed to /home/junko/.vscode-oss/extensions/shubham-saudolla.lilac-1.2.7
[2021-08-28 19:48:10.132] [sharedprocess] [info] Installation completed. shubham-saudolla.lilac
[2021-08-28 19:48:10.186] [sharedprocess] [info] Extensions installed successfully: shubham-saudolla.lilac
[2021-08-28 19:48:13.107] [sharedprocess] [info] Downloaded extension: robbowen.synthwave-vscode /home/junko/.config/Code - OSS/CachedExtensionVSIXs/robbowen.synthwave-vscode-0.1.8
[2021-08-28 19:48:13.456] [sharedprocess] [info] Extracted extension to /home/junko/.vscode-oss/extensions/.ad8d2085-7269-4b3c-9395-395589cdc268: robbowen.synthwave-vscode
[2021-08-28 19:48:13.539] [sharedprocess] [info] Renamed to /home/junko/.vscode-oss/extensions/robbowen.synthwave-vscode-0.1.8
[2021-08-28 19:48:13.551] [sharedprocess] [info] Installation completed. robbowen.synthwave-vscode
[2021-08-28 19:48:13.586] [sharedprocess] [info] Extensions installed successfully: robbowen.synthwave-vscode
[2021-08-28 19:49:07.015] [sharedprocess] [info] Installing extension: ms-python.python
[2021-08-28 19:49:09.003] [sharedprocess] [info] Installing extension: redhat.vscode-xml
[2021-08-28 19:49:21.568] [sharedprocess] [info] Installing extension: ecmel.vscode-html-css
[2021-08-28 19:49:23.925] [sharedprocess] [info] Downloaded extension: ecmel.vscode-html-css /home/junko/.config/Code - OSS/CachedExtensionVSIXs/ecmel.vscode-html-css-1.9.1
[2021-08-28 19:49:24.150] [sharedprocess] [info] Extracted extension to /home/junko/.vscode-oss/extensions/.aa2e4aaa-ecb7-416b-8801-71b6e05e8a51: ecmel.vscode-html-css
[2021-08-28 19:49:24.202] [sharedprocess] [info] Renamed to /home/junko/.vscode-oss/extensions/ecmel.vscode-html-css-1.9.1
[2021-08-28 19:49:24.206] [sharedprocess] [info] Installation completed. ecmel.vscode-html-css
[2021-08-28 19:49:24.258] [sharedprocess] [info] Extensions installed successfully: ecmel.vscode-html-css
[2021-08-28 19:49:30.751] [sharedprocess] [info] Installing extension: haskell.haskell
[2021-08-28 19:49:32.841] [sharedprocess] [info] Installing extension: justusadam.language-haskell
[2021-08-28 19:49:43.893] [sharedprocess] [info] Downloaded extension: justusadam.language-haskell /home/junko/.config/Code - OSS/CachedExtensionVSIXs/justusadam.language-haskell-3.3.0
[2021-08-28 19:49:44.077] [sharedprocess] [info] Extracted extension to /home/junko/.vscode-oss/extensions/.624e4df8-cdfc-410f-9cf4-a638ca98ac4c: justusadam.language-haskell
[2021-08-28 19:49:44.115] [sharedprocess] [info] Renamed to /home/junko/.vscode-oss/extensions/justusadam.language-haskell-3.3.0
[2021-08-28 19:49:44.118] [sharedprocess] [info] Installation completed. justusadam.language-haskell
[2021-08-28 19:49:44.158] [sharedprocess] [info] Extensions installed successfully: justusadam.language-haskell
[2021-08-28 19:49:48.110] [sharedprocess] [info] Downloaded extension: haskell.haskell /home/junko/.config/Code - OSS/CachedExtensionVSIXs/haskell.haskell-1.6.1
[2021-08-28 19:49:48.217] [sharedprocess] [info] Extracted extension to /home/junko/.vscode-oss/extensions/.52f3f94a-9759-4468-a87a-1704b7cfa4c1: haskell.haskell
[2021-08-28 19:49:48.277] [sharedprocess] [info] Renamed to /home/junko/.vscode-oss/extensions/haskell.haskell-1.6.1
[2021-08-28 19:49:48.284] [sharedprocess] [info] Installation completed. haskell.haskell
[2021-08-28 19:49:48.329] [sharedprocess] [info] Extensions installed successfully: haskell.haskell
[2021-08-28 19:50:30.295] [sharedprocess] [info] Downloaded extension: redhat.vscode-xml /home/junko/.config/Code - OSS/CachedExtensionVSIXs/redhat.vscode-xml-0.18.0
[2021-08-28 19:50:31.729] [sharedprocess] [info] Extracted extension to /home/junko/.vscode-oss/extensions/.6d34f177-b081-493b-9e46-2d58672e7682: redhat.vscode-xml
[2021-08-28 19:50:31.803] [sharedprocess] [info] Renamed to /home/junko/.vscode-oss/extensions/redhat.vscode-xml-0.18.0
[2021-08-28 19:50:31.812] [sharedprocess] [info] Installation completed. redhat.vscode-xml
[2021-08-28 19:50:31.848] [sharedprocess] [info] Extensions installed successfully: redhat.vscode-xml
[2021-08-28 19:51:49.624] [sharedprocess] [info] Downloaded extension: ms-python.python /home/junko/.config/Code - OSS/CachedExtensionVSIXs/ms-python.python-2020.10.332292344
[2021-08-28 19:52:04.837] [sharedprocess] [info] Extracted extension to /home/junko/.vscode-oss/extensions/.67d9ba25-7c27-4742-9286-ff4d73840b22: ms-python.python
[2021-08-28 19:52:05.507] [sharedprocess] [info] Renamed to /home/junko/.vscode-oss/extensions/ms-python.python-2020.10.332292344
[2021-08-28 19:52:05.524] [sharedprocess] [info] Installation completed. ms-python.python
[2021-08-28 19:52:05.868] [sharedprocess] [info] Extensions installed successfully: ms-python.python
